<?xml version="1.0" encoding="UTF-8"?>
<!-- Generated by org.testng.reporters.JUnitReportReporter -->
<testsuite hostname="DESKTOP-URE915C" failures="0" tests="1" name="tests.LoginTest" time="12.010" errors="0" timestamp="2023-07-24T11:20:20 BDT" skipped="0">
  <testcase classname="tests.LoginTest" name="loginTest" time="12.010"/>
</testsuite> <!-- tests.LoginTest -->
