<?xml version="1.0" encoding="UTF-8"?>
<!-- Generated by org.testng.reporters.JUnitReportReporter -->
<testsuite hostname="DESKTOP-URE915C" failures="0" tests="1" name="tests.WriterPageTest" time="4.747" errors="0" timestamp="2023-07-23T11:28:09 BDT" skipped="0">
  <testcase classname="tests.WriterPageTest" name="writerPageTest" time="4.747"/>
</testsuite> <!-- tests.WriterPageTest -->
